{"D:\\ANSH GUPTA PROJECT\\store-ratings-app\\backend\\src\\config\\database.js": {"path":"D:\\ANSH GUPTA PROJECT\\store-ratings-app\\backend\\src\\config\\database.js","statementMap":{"0":{"start":{"line":1,"column":17},"end":{"line":1,"column":30}},"1":{"start":{"line":2,"column":0},"end":{"line":2,"column":27}},"2":{"start":{"line":4,"column":13},"end":{"line":7,"column":2}},"3":{"start":{"line":9,"column":0},"end":{"line":11,"column":3}},"4":{"start":{"line":10,"column":2},"end":{"line":10,"column":38}},"5":{"start":{"line":13,"column":0},"end":{"line":16,"column":3}},"6":{"start":{"line":14,"column":2},"end":{"line":14,"column":40}},"7":{"start":{"line":15,"column":2},"end":{"line":15,"column":19}},"8":{"start":{"line":18,"column":0},"end":{"line":18,"column":22}}},"fnMap":{"0":{"name":"(anonymous_0)","decl":{"start":{"line":9,"column":19},"end":{"line":9,"column":20}},"loc":{"start":{"line":9,"column":25},"end":{"line":11,"column":1}},"line":9},"1":{"name":"(anonymous_1)","decl":{"start":{"line":13,"column":17},"end":{"line":13,"column":18}},"loc":{"start":{"line":13,"column":26},"end":{"line":16,"column":1}},"line":13}},"branchMap":{"0":{"loc":{"start":{"line":6,"column":7},"end":{"line":6,"column":84}},"type":"cond-expr","locations":[{"start":{"line":6,"column":47},"end":{"line":6,"column":76}},{"start":{"line":6,"column":79},"end":{"line":6,"column":84}}],"line":6}},"s":{"0":1,"1":1,"2":1,"3":1,"4":0,"5":1,"6":0,"7":0,"8":1},"f":{"0":0,"1":0},"b":{"0":[0,1]},"_coverageSchema":"1a1c01bbd47fc00a2c39e90264f33305004495a9","hash":"ad5ec24f19773ebf070886e3897ee2d7386a69ab"}
,"D:\\ANSH GUPTA PROJECT\\store-ratings-app\\backend\\src\\controllers\\adminController.js": {"path":"D:\\ANSH GUPTA PROJECT\\store-ratings-app\\backend\\src\\controllers\\adminController.js","statementMap":{"0":{"start":{"line":1,"column":13},"end":{"line":1,"column":42}},"1":{"start":{"line":3,"column":19},"end":{"line":17,"column":1}},"2":{"start":{"line":4,"column":2},"end":{"line":16,"column":3}},"3":{"start":{"line":5,"column":24},"end":{"line":5,"column":70}},"4":{"start":{"line":6,"column":25},"end":{"line":6,"column":72}},"5":{"start":{"line":7,"column":26},"end":{"line":7,"column":74}},"6":{"start":{"line":9,"column":4},"end":{"line":13,"column":7}},"7":{"start":{"line":15,"column":4},"end":{"line":15,"column":16}},"8":{"start":{"line":19,"column":17},"end":{"line":70,"column":1}},"9":{"start":{"line":20,"column":2},"end":{"line":69,"column":3}},"10":{"start":{"line":21,"column":51},"end":{"line":21,"column":60}},"11":{"start":{"line":22,"column":19},"end":{"line":22,"column":37}},"12":{"start":{"line":24,"column":16},"end":{"line":24,"column":88}},"13":{"start":{"line":25,"column":19},"end":{"line":25,"column":21}},"14":{"start":{"line":26,"column":21},"end":{"line":26,"column":22}},"15":{"start":{"line":28,"column":4},"end":{"line":32,"column":5}},"16":{"start":{"line":29,"column":6},"end":{"line":29,"column":19}},"17":{"start":{"line":30,"column":6},"end":{"line":30,"column":80}},"18":{"start":{"line":31,"column":6},"end":{"line":31,"column":33}},"19":{"start":{"line":34,"column":4},"end":{"line":38,"column":5}},"20":{"start":{"line":35,"column":6},"end":{"line":35,"column":19}},"21":{"start":{"line":36,"column":6},"end":{"line":36,"column":44}},"22":{"start":{"line":37,"column":6},"end":{"line":37,"column":24}},"23":{"start":{"line":40,"column":4},"end":{"line":40,"column":41}},"24":{"start":{"line":42,"column":4},"end":{"line":42,"column":17}},"25":{"start":{"line":43,"column":4},"end":{"line":43,"column":37}},"26":{"start":{"line":44,"column":4},"end":{"line":44,"column":23}},"27":{"start":{"line":46,"column":4},"end":{"line":46,"column":17}},"28":{"start":{"line":47,"column":4},"end":{"line":47,"column":38}},"29":{"start":{"line":48,"column":4},"end":{"line":48,"column":24}},"30":{"start":{"line":50,"column":19},"end":{"line":50,"column":50}},"31":{"start":{"line":52,"column":23},"end":{"line":54,"column":43}},"32":{"start":{"line":55,"column":24},"end":{"line":55,"column":52}},"33":{"start":{"line":56,"column":18},"end":{"line":56,"column":53}},"34":{"start":{"line":58,"column":4},"end":{"line":66,"column":7}},"35":{"start":{"line":68,"column":4},"end":{"line":68,"column":16}},"36":{"start":{"line":72,"column":19},"end":{"line":90,"column":1}},"37":{"start":{"line":73,"column":2},"end":{"line":89,"column":3}},"38":{"start":{"line":74,"column":19},"end":{"line":74,"column":29}},"39":{"start":{"line":76,"column":4},"end":{"line":78,"column":5}},"40":{"start":{"line":77,"column":6},"end":{"line":77,"column":79}},"41":{"start":{"line":80,"column":19},"end":{"line":80,"column":89}},"42":{"start":{"line":82,"column":4},"end":{"line":84,"column":5}},"43":{"start":{"line":83,"column":6},"end":{"line":83,"column":63}},"44":{"start":{"line":86,"column":4},"end":{"line":86,"column":55}},"45":{"start":{"line":88,"column":4},"end":{"line":88,"column":16}},"46":{"start":{"line":92,"column":0},"end":{"line":96,"column":2}}},"fnMap":{"0":{"name":"(anonymous_0)","decl":{"start":{"line":3,"column":19},"end":{"line":3,"column":20}},"loc":{"start":{"line":3,"column":39},"end":{"line":17,"column":1}},"line":3},"1":{"name":"(anonymous_1)","decl":{"start":{"line":19,"column":17},"end":{"line":19,"column":18}},"loc":{"start":{"line":19,"column":37},"end":{"line":70,"column":1}},"line":19},"2":{"name":"(anonymous_2)","decl":{"start":{"line":72,"column":19},"end":{"line":72,"column":20}},"loc":{"start":{"line":72,"column":39},"end":{"line":90,"column":1}},"line":72}},"branchMap":{"0":{"loc":{"start":{"line":21,"column":26},"end":{"line":21,"column":34}},"type":"default-arg","locations":[{"start":{"line":21,"column":33},"end":{"line":21,"column":34}}],"line":21},"1":{"loc":{"start":{"line":21,"column":36},"end":{"line":21,"column":46}},"type":"default-arg","locations":[{"start":{"line":21,"column":44},"end":{"line":21,"column":46}}],"line":21},"2":{"loc":{"start":{"line":28,"column":4},"end":{"line":32,"column":5}},"type":"if","locations":[{"start":{"line":28,"column":4},"end":{"line":32,"column":5}},{"start":{},"end":{}}],"line":28},"3":{"loc":{"start":{"line":34,"column":4},"end":{"line":38,"column":5}},"type":"if","locations":[{"start":{"line":34,"column":4},"end":{"line":38,"column":5}},{"start":{},"end":{}}],"line":34},"4":{"loc":{"start":{"line":53,"column":7},"end":{"line":53,"column":83}},"type":"cond-expr","locations":[{"start":{"line":53,"column":16},"end":{"line":53,"column":78}},{"start":{"line":53,"column":81},"end":{"line":53,"column":83}}],"line":53},"5":{"loc":{"start":{"line":54,"column":7},"end":{"line":54,"column":42}},"type":"cond-expr","locations":[{"start":{"line":54,"column":14},"end":{"line":54,"column":37}},{"start":{"line":54,"column":40},"end":{"line":54,"column":42}}],"line":54},"6":{"loc":{"start":{"line":76,"column":4},"end":{"line":78,"column":5}},"type":"if","locations":[{"start":{"line":76,"column":4},"end":{"line":78,"column":5}},{"start":{},"end":{}}],"line":76},"7":{"loc":{"start":{"line":82,"column":4},"end":{"line":84,"column":5}},"type":"if","locations":[{"start":{"line":82,"column":4},"end":{"line":84,"column":5}},{"start":{},"end":{}}],"line":82}},"s":{"0":1,"1":1,"2":0,"3":0,"4":0,"5":0,"6":0,"7":0,"8":1,"9":0,"10":0,"11":0,"12":0,"13":0,"14":0,"15":0,"16":0,"17":0,"18":0,"19":0,"20":0,"21":0,"22":0,"23":0,"24":0,"25":0,"26":0,"27":0,"28":0,"29":0,"30":0,"31":0,"32":0,"33":0,"34":0,"35":0,"36":1,"37":0,"38":0,"39":0,"40":0,"41":0,"42":0,"43":0,"44":0,"45":0,"46":1},"f":{"0":0,"1":0,"2":0},"b":{"0":[0],"1":[0],"2":[0,0],"3":[0,0],"4":[0,0],"5":[0,0],"6":[0,0],"7":[0,0]},"_coverageSchema":"1a1c01bbd47fc00a2c39e90264f33305004495a9","hash":"4492ca3595ee81b0f3e4ad6ca39865a2ca1977aa"}
,"D:\\ANSH GUPTA PROJECT\\store-ratings-app\\backend\\src\\controllers\\authController.js": {"path":"D:\\ANSH GUPTA PROJECT\\store-ratings-app\\backend\\src\\controllers\\authController.js","statementMap":{"0":{"start":{"line":1,"column":15},"end":{"line":1,"column":32}},"1":{"start":{"line":2,"column":12},"end":{"line":2,"column":35}},"2":{"start":{"line":3,"column":13},"end":{"line":3,"column":42}},"3":{"start":{"line":5,"column":15},"end":{"line":41,"column":1}},"4":{"start":{"line":6,"column":2},"end":{"line":40,"column":3}},"5":{"start":{"line":7,"column":62},"end":{"line":7,"column":70}},"6":{"start":{"line":9,"column":25},"end":{"line":9,"column":56}},"7":{"start":{"line":11,"column":19},"end":{"line":16,"column":5}},"8":{"start":{"line":18,"column":17},"end":{"line":18,"column":31}},"9":{"start":{"line":19,"column":18},"end":{"line":23,"column":5}},"10":{"start":{"line":25,"column":4},"end":{"line":34,"column":7}},"11":{"start":{"line":36,"column":4},"end":{"line":38,"column":5}},"12":{"start":{"line":37,"column":6},"end":{"line":37,"column":73}},"13":{"start":{"line":39,"column":4},"end":{"line":39,"column":16}},"14":{"start":{"line":43,"column":14},"end":{"line":82,"column":1}},"15":{"start":{"line":44,"column":2},"end":{"line":81,"column":3}},"16":{"start":{"line":45,"column":32},"end":{"line":45,"column":40}},"17":{"start":{"line":47,"column":19},"end":{"line":50,"column":5}},"18":{"start":{"line":52,"column":4},"end":{"line":54,"column":5}},"19":{"start":{"line":53,"column":6},"end":{"line":53,"column":68}},"20":{"start":{"line":56,"column":17},"end":{"line":56,"column":31}},"21":{"start":{"line":57,"column":28},"end":{"line":57,"column":78}},"22":{"start":{"line":59,"column":4},"end":{"line":61,"column":5}},"23":{"start":{"line":60,"column":6},"end":{"line":60,"column":68}},"24":{"start":{"line":63,"column":18},"end":{"line":67,"column":5}},"25":{"start":{"line":69,"column":4},"end":{"line":78,"column":7}},"26":{"start":{"line":80,"column":4},"end":{"line":80,"column":16}},"27":{"start":{"line":84,"column":0},"end":{"line":84,"column":35}}},"fnMap":{"0":{"name":"(anonymous_0)","decl":{"start":{"line":5,"column":15},"end":{"line":5,"column":16}},"loc":{"start":{"line":5,"column":35},"end":{"line":41,"column":1}},"line":5},"1":{"name":"(anonymous_1)","decl":{"start":{"line":43,"column":14},"end":{"line":43,"column":15}},"loc":{"start":{"line":43,"column":34},"end":{"line":82,"column":1}},"line":43}},"branchMap":{"0":{"loc":{"start":{"line":7,"column":44},"end":{"line":7,"column":57}},"type":"default-arg","locations":[{"start":{"line":7,"column":51},"end":{"line":7,"column":57}}],"line":7},"1":{"loc":{"start":{"line":36,"column":4},"end":{"line":38,"column":5}},"type":"if","locations":[{"start":{"line":36,"column":4},"end":{"line":38,"column":5}},{"start":{},"end":{}}],"line":36},"2":{"loc":{"start":{"line":52,"column":4},"end":{"line":54,"column":5}},"type":"if","locations":[{"start":{"line":52,"column":4},"end":{"line":54,"column":5}},{"start":{},"end":{}}],"line":52},"3":{"loc":{"start":{"line":59,"column":4},"end":{"line":61,"column":5}},"type":"if","locations":[{"start":{"line":59,"column":4},"end":{"line":61,"column":5}},{"start":{},"end":{}}],"line":59}},"s":{"0":1,"1":1,"2":1,"3":1,"4":1,"5":1,"6":1,"7":1,"8":0,"9":0,"10":0,"11":1,"12":0,"13":1,"14":1,"15":2,"16":2,"17":2,"18":0,"19":0,"20":0,"21":0,"22":0,"23":0,"24":0,"25":0,"26":2,"27":1},"f":{"0":1,"1":2},"b":{"0":[1],"1":[0,1],"2":[0,0],"3":[0,0]},"_coverageSchema":"1a1c01bbd47fc00a2c39e90264f33305004495a9","hash":"597ae3391ef155f5735b00eeb9de7803018698cb"}
,"D:\\ANSH GUPTA PROJECT\\store-ratings-app\\backend\\src\\controllers\\ratingController.js": {"path":"D:\\ANSH GUPTA PROJECT\\store-ratings-app\\backend\\src\\controllers\\ratingController.js","statementMap":{"0":{"start":{"line":1,"column":13},"end":{"line":1,"column":42}},"1":{"start":{"line":3,"column":21},"end":{"line":25,"column":1}},"2":{"start":{"line":4,"column":2},"end":{"line":24,"column":3}},"3":{"start":{"line":5,"column":42},"end":{"line":5,"column":50}},"4":{"start":{"line":6,"column":20},"end":{"line":6,"column":31}},"5":{"start":{"line":8,"column":19},"end":{"line":13,"column":5}},"6":{"start":{"line":15,"column":4},"end":{"line":18,"column":7}},"7":{"start":{"line":20,"column":4},"end":{"line":22,"column":5}},"8":{"start":{"line":21,"column":6},"end":{"line":21,"column":103}},"9":{"start":{"line":23,"column":4},"end":{"line":23,"column":16}},"10":{"start":{"line":27,"column":21},"end":{"line":52,"column":1}},"11":{"start":{"line":28,"column":2},"end":{"line":51,"column":3}},"12":{"start":{"line":29,"column":19},"end":{"line":29,"column":29}},"13":{"start":{"line":30,"column":32},"end":{"line":30,"column":40}},"14":{"start":{"line":31,"column":20},"end":{"line":31,"column":31}},"15":{"start":{"line":33,"column":19},"end":{"line":39,"column":5}},"16":{"start":{"line":41,"column":4},"end":{"line":43,"column":5}},"17":{"start":{"line":42,"column":6},"end":{"line":42,"column":81}},"18":{"start":{"line":45,"column":4},"end":{"line":48,"column":7}},"19":{"start":{"line":50,"column":4},"end":{"line":50,"column":16}},"20":{"start":{"line":54,"column":21},"end":{"line":72,"column":1}},"21":{"start":{"line":55,"column":2},"end":{"line":71,"column":3}},"22":{"start":{"line":56,"column":19},"end":{"line":56,"column":29}},"23":{"start":{"line":57,"column":20},"end":{"line":57,"column":31}},"24":{"start":{"line":59,"column":19},"end":{"line":62,"column":5}},"25":{"start":{"line":64,"column":4},"end":{"line":66,"column":5}},"26":{"start":{"line":65,"column":6},"end":{"line":65,"column":81}},"27":{"start":{"line":68,"column":4},"end":{"line":68,"column":57}},"28":{"start":{"line":70,"column":4},"end":{"line":70,"column":16}},"29":{"start":{"line":74,"column":0},"end":{"line":78,"column":2}}},"fnMap":{"0":{"name":"(anonymous_0)","decl":{"start":{"line":3,"column":21},"end":{"line":3,"column":22}},"loc":{"start":{"line":3,"column":41},"end":{"line":25,"column":1}},"line":3},"1":{"name":"(anonymous_1)","decl":{"start":{"line":27,"column":21},"end":{"line":27,"column":22}},"loc":{"start":{"line":27,"column":41},"end":{"line":52,"column":1}},"line":27},"2":{"name":"(anonymous_2)","decl":{"start":{"line":54,"column":21},"end":{"line":54,"column":22}},"loc":{"start":{"line":54,"column":41},"end":{"line":72,"column":1}},"line":54}},"branchMap":{"0":{"loc":{"start":{"line":20,"column":4},"end":{"line":22,"column":5}},"type":"if","locations":[{"start":{"line":20,"column":4},"end":{"line":22,"column":5}},{"start":{},"end":{}}],"line":20},"1":{"loc":{"start":{"line":41,"column":4},"end":{"line":43,"column":5}},"type":"if","locations":[{"start":{"line":41,"column":4},"end":{"line":43,"column":5}},{"start":{},"end":{}}],"line":41},"2":{"loc":{"start":{"line":64,"column":4},"end":{"line":66,"column":5}},"type":"if","locations":[{"start":{"line":64,"column":4},"end":{"line":66,"column":5}},{"start":{},"end":{}}],"line":64}},"s":{"0":1,"1":1,"2":0,"3":0,"4":0,"5":0,"6":0,"7":0,"8":0,"9":0,"10":1,"11":0,"12":0,"13":0,"14":0,"15":0,"16":0,"17":0,"18":0,"19":0,"20":1,"21":0,"22":0,"23":0,"24":0,"25":0,"26":0,"27":0,"28":0,"29":1},"f":{"0":0,"1":0,"2":0},"b":{"0":[0,0],"1":[0,0],"2":[0,0]},"_coverageSchema":"1a1c01bbd47fc00a2c39e90264f33305004495a9","hash":"ecec5faa6037f9199a6216dfb7ed0989c1afb207"}
,"D:\\ANSH GUPTA PROJECT\\store-ratings-app\\backend\\src\\controllers\\storeController.js": {"path":"D:\\ANSH GUPTA PROJECT\\store-ratings-app\\backend\\src\\controllers\\storeController.js","statementMap":{"0":{"start":{"line":1,"column":13},"end":{"line":1,"column":42}},"1":{"start":{"line":3,"column":18},"end":{"line":70,"column":1}},"2":{"start":{"line":4,"column":2},"end":{"line":69,"column":3}},"3":{"start":{"line":5,"column":84},"end":{"line":5,"column":93}},"4":{"start":{"line":6,"column":19},"end":{"line":6,"column":37}},"5":{"start":{"line":8,"column":16},"end":{"line":16,"column":5}},"6":{"start":{"line":17,"column":19},"end":{"line":17,"column":21}},"7":{"start":{"line":18,"column":21},"end":{"line":18,"column":22}},"8":{"start":{"line":20,"column":4},"end":{"line":24,"column":5}},"9":{"start":{"line":21,"column":6},"end":{"line":21,"column":19}},"10":{"start":{"line":22,"column":6},"end":{"line":22,"column":50}},"11":{"start":{"line":23,"column":6},"end":{"line":23,"column":33}},"12":{"start":{"line":26,"column":4},"end":{"line":30,"column":5}},"13":{"start":{"line":27,"column":6},"end":{"line":27,"column":19}},"14":{"start":{"line":28,"column":6},"end":{"line":28,"column":53}},"15":{"start":{"line":29,"column":6},"end":{"line":29,"column":34}},"16":{"start":{"line":32,"column":4},"end":{"line":32,"column":30}},"17":{"start":{"line":34,"column":23},"end":{"line":34,"column":91}},"18":{"start":{"line":35,"column":23},"end":{"line":35,"column":51}},"19":{"start":{"line":36,"column":22},"end":{"line":36,"column":55}},"20":{"start":{"line":37,"column":4},"end":{"line":37,"column":52}},"21":{"start":{"line":39,"column":4},"end":{"line":39,"column":17}},"22":{"start":{"line":40,"column":4},"end":{"line":40,"column":37}},"23":{"start":{"line":41,"column":4},"end":{"line":41,"column":23}},"24":{"start":{"line":43,"column":4},"end":{"line":43,"column":17}},"25":{"start":{"line":44,"column":4},"end":{"line":44,"column":38}},"26":{"start":{"line":45,"column":4},"end":{"line":45,"column":24}},"27":{"start":{"line":47,"column":19},"end":{"line":47,"column":50}},"28":{"start":{"line":49,"column":23},"end":{"line":51,"column":60}},"29":{"start":{"line":52,"column":24},"end":{"line":52,"column":52}},"30":{"start":{"line":53,"column":18},"end":{"line":53,"column":53}},"31":{"start":{"line":55,"column":4},"end":{"line":66,"column":7}},"32":{"start":{"line":56,"column":40},"end":{"line":59,"column":7}},"33":{"start":{"line":68,"column":4},"end":{"line":68,"column":16}},"34":{"start":{"line":72,"column":21},"end":{"line":108,"column":1}},"35":{"start":{"line":73,"column":2},"end":{"line":107,"column":3}},"36":{"start":{"line":74,"column":19},"end":{"line":74,"column":29}},"37":{"start":{"line":75,"column":19},"end":{"line":75,"column":31}},"38":{"start":{"line":77,"column":23},"end":{"line":86,"column":5}},"39":{"start":{"line":87,"column":24},"end":{"line":87,"column":58}},"40":{"start":{"line":89,"column":4},"end":{"line":91,"column":5}},"41":{"start":{"line":90,"column":6},"end":{"line":90,"column":64}},"42":{"start":{"line":93,"column":18},"end":{"line":93,"column":37}},"43":{"start":{"line":94,"column":4},"end":{"line":94,"column":63}},"44":{"start":{"line":96,"column":4},"end":{"line":102,"column":5}},"45":{"start":{"line":97,"column":31},"end":{"line":100,"column":7}},"46":{"start":{"line":101,"column":6},"end":{"line":101,"column":59}},"47":{"start":{"line":104,"column":4},"end":{"line":104,"column":20}},"48":{"start":{"line":106,"column":4},"end":{"line":106,"column":16}},"49":{"start":{"line":110,"column":20},"end":{"line":128,"column":1}},"50":{"start":{"line":111,"column":2},"end":{"line":127,"column":3}},"51":{"start":{"line":112,"column":47},"end":{"line":112,"column":55}},"52":{"start":{"line":114,"column":19},"end":{"line":119,"column":5}},"53":{"start":{"line":121,"column":4},"end":{"line":124,"column":7}},"54":{"start":{"line":126,"column":4},"end":{"line":126,"column":16}},"55":{"start":{"line":130,"column":20},"end":{"line":182,"column":1}},"56":{"start":{"line":131,"column":2},"end":{"line":181,"column":3}},"57":{"start":{"line":132,"column":19},"end":{"line":132,"column":29}},"58":{"start":{"line":133,"column":47},"end":{"line":133,"column":55}},"59":{"start":{"line":135,"column":19},"end":{"line":135,"column":21}},"60":{"start":{"line":136,"column":19},"end":{"line":136,"column":21}},"61":{"start":{"line":137,"column":21},"end":{"line":137,"column":22}},"62":{"start":{"line":139,"column":4},"end":{"line":143,"column":5}},"63":{"start":{"line":140,"column":6},"end":{"line":140,"column":19}},"64":{"start":{"line":141,"column":6},"end":{"line":141,"column":43}},"65":{"start":{"line":142,"column":6},"end":{"line":142,"column":24}},"66":{"start":{"line":144,"column":4},"end":{"line":148,"column":5}},"67":{"start":{"line":145,"column":6},"end":{"line":145,"column":19}},"68":{"start":{"line":146,"column":6},"end":{"line":146,"column":44}},"69":{"start":{"line":147,"column":6},"end":{"line":147,"column":25}},"70":{"start":{"line":149,"column":4},"end":{"line":153,"column":5}},"71":{"start":{"line":150,"column":6},"end":{"line":150,"column":19}},"72":{"start":{"line":151,"column":6},"end":{"line":151,"column":46}},"73":{"start":{"line":152,"column":6},"end":{"line":152,"column":27}},"74":{"start":{"line":154,"column":4},"end":{"line":158,"column":5}},"75":{"start":{"line":155,"column":6},"end":{"line":155,"column":19}},"76":{"start":{"line":156,"column":6},"end":{"line":156,"column":47}},"77":{"start":{"line":157,"column":6},"end":{"line":157,"column":28}},"78":{"start":{"line":160,"column":4},"end":{"line":162,"column":5}},"79":{"start":{"line":161,"column":6},"end":{"line":161,"column":68}},"80":{"start":{"line":164,"column":4},"end":{"line":164,"column":17}},"81":{"start":{"line":165,"column":4},"end":{"line":165,"column":50}},"82":{"start":{"line":166,"column":4},"end":{"line":166,"column":20}},"83":{"start":{"line":168,"column":18},"end":{"line":168,"column":96}},"84":{"start":{"line":169,"column":19},"end":{"line":169,"column":50}},"85":{"start":{"line":171,"column":4},"end":{"line":173,"column":5}},"86":{"start":{"line":172,"column":6},"end":{"line":172,"column":64}},"87":{"start":{"line":175,"column":4},"end":{"line":178,"column":7}},"88":{"start":{"line":180,"column":4},"end":{"line":180,"column":16}},"89":{"start":{"line":184,"column":20},"end":{"line":198,"column":1}},"90":{"start":{"line":185,"column":2},"end":{"line":197,"column":3}},"91":{"start":{"line":186,"column":19},"end":{"line":186,"column":29}},"92":{"start":{"line":188,"column":19},"end":{"line":188,"column":90}},"93":{"start":{"line":190,"column":4},"end":{"line":192,"column":5}},"94":{"start":{"line":191,"column":6},"end":{"line":191,"column":64}},"95":{"start":{"line":194,"column":4},"end":{"line":194,"column":56}},"96":{"start":{"line":196,"column":4},"end":{"line":196,"column":16}},"97":{"start":{"line":200,"column":23},"end":{"line":233,"column":1}},"98":{"start":{"line":201,"column":2},"end":{"line":232,"column":3}},"99":{"start":{"line":202,"column":19},"end":{"line":202,"column":29}},"100":{"start":{"line":203,"column":19},"end":{"line":203,"column":30}},"101":{"start":{"line":205,"column":24},"end":{"line":208,"column":5}},"102":{"start":{"line":210,"column":4},"end":{"line":212,"column":5}},"103":{"start":{"line":211,"column":6},"end":{"line":211,"column":64}},"104":{"start":{"line":214,"column":4},"end":{"line":216,"column":5}},"105":{"start":{"line":215,"column":6},"end":{"line":215,"column":62}},"106":{"start":{"line":218,"column":19},"end":{"line":227,"column":5}},"107":{"start":{"line":229,"column":4},"end":{"line":229,"column":38}},"108":{"start":{"line":231,"column":4},"end":{"line":231,"column":16}},"109":{"start":{"line":235,"column":0},"end":{"line":242,"column":2}}},"fnMap":{"0":{"name":"(anonymous_0)","decl":{"start":{"line":3,"column":18},"end":{"line":3,"column":19}},"loc":{"start":{"line":3,"column":38},"end":{"line":70,"column":1}},"line":3},"1":{"name":"(anonymous_1)","decl":{"start":{"line":56,"column":30},"end":{"line":56,"column":31}},"loc":{"start":{"line":56,"column":40},"end":{"line":59,"column":7}},"line":56},"2":{"name":"(anonymous_2)","decl":{"start":{"line":72,"column":21},"end":{"line":72,"column":22}},"loc":{"start":{"line":72,"column":41},"end":{"line":108,"column":1}},"line":72},"3":{"name":"(anonymous_3)","decl":{"start":{"line":110,"column":20},"end":{"line":110,"column":21}},"loc":{"start":{"line":110,"column":40},"end":{"line":128,"column":1}},"line":110},"4":{"name":"(anonymous_4)","decl":{"start":{"line":130,"column":20},"end":{"line":130,"column":21}},"loc":{"start":{"line":130,"column":40},"end":{"line":182,"column":1}},"line":130},"5":{"name":"(anonymous_5)","decl":{"start":{"line":184,"column":20},"end":{"line":184,"column":21}},"loc":{"start":{"line":184,"column":40},"end":{"line":198,"column":1}},"line":184},"6":{"name":"(anonymous_6)","decl":{"start":{"line":200,"column":23},"end":{"line":200,"column":24}},"loc":{"start":{"line":200,"column":43},"end":{"line":233,"column":1}},"line":200}},"branchMap":{"0":{"loc":{"start":{"line":5,"column":29},"end":{"line":5,"column":42}},"type":"default-arg","locations":[{"start":{"line":5,"column":36},"end":{"line":5,"column":42}}],"line":5},"1":{"loc":{"start":{"line":5,"column":44},"end":{"line":5,"column":57}},"type":"default-arg","locations":[{"start":{"line":5,"column":52},"end":{"line":5,"column":57}}],"line":5},"2":{"loc":{"start":{"line":5,"column":59},"end":{"line":5,"column":67}},"type":"default-arg","locations":[{"start":{"line":5,"column":66},"end":{"line":5,"column":67}}],"line":5},"3":{"loc":{"start":{"line":5,"column":69},"end":{"line":5,"column":79}},"type":"default-arg","locations":[{"start":{"line":5,"column":77},"end":{"line":5,"column":79}}],"line":5},"4":{"loc":{"start":{"line":20,"column":4},"end":{"line":24,"column":5}},"type":"if","locations":[{"start":{"line":20,"column":4},"end":{"line":24,"column":5}},{"start":{},"end":{}}],"line":20},"5":{"loc":{"start":{"line":26,"column":4},"end":{"line":30,"column":5}},"type":"if","locations":[{"start":{"line":26,"column":4},"end":{"line":30,"column":5}},{"start":{},"end":{}}],"line":26},"6":{"loc":{"start":{"line":35,"column":23},"end":{"line":35,"column":51}},"type":"binary-expr","locations":[{"start":{"line":35,"column":23},"end":{"line":35,"column":39}},{"start":{"line":35,"column":43},"end":{"line":35,"column":51}}],"line":35},"7":{"loc":{"start":{"line":36,"column":22},"end":{"line":36,"column":55}},"type":"cond-expr","locations":[{"start":{"line":36,"column":41},"end":{"line":36,"column":47}},{"start":{"line":36,"column":50},"end":{"line":36,"column":55}}],"line":36},"8":{"loc":{"start":{"line":50,"column":7},"end":{"line":50,"column":54}},"type":"cond-expr","locations":[{"start":{"line":50,"column":16},"end":{"line":50,"column":49}},{"start":{"line":50,"column":52},"end":{"line":50,"column":54}}],"line":50},"9":{"loc":{"start":{"line":51,"column":7},"end":{"line":51,"column":59}},"type":"cond-expr","locations":[{"start":{"line":51,"column":17},"end":{"line":51,"column":54}},{"start":{"line":51,"column":57},"end":{"line":51,"column":59}}],"line":51},"10":{"loc":{"start":{"line":89,"column":4},"end":{"line":91,"column":5}},"type":"if","locations":[{"start":{"line":89,"column":4},"end":{"line":91,"column":5}},{"start":{},"end":{}}],"line":89},"11":{"loc":{"start":{"line":96,"column":4},"end":{"line":102,"column":5}},"type":"if","locations":[{"start":{"line":96,"column":4},"end":{"line":102,"column":5}},{"start":{},"end":{}}],"line":96},"12":{"loc":{"start":{"line":101,"column":26},"end":{"line":101,"column":58}},"type":"binary-expr","locations":[{"start":{"line":101,"column":26},"end":{"line":101,"column":50}},{"start":{"line":101,"column":54},"end":{"line":101,"column":58}}],"line":101},"13":{"loc":{"start":{"line":139,"column":4},"end":{"line":143,"column":5}},"type":"if","locations":[{"start":{"line":139,"column":4},"end":{"line":143,"column":5}},{"start":{},"end":{}}],"line":139},"14":{"loc":{"start":{"line":144,"column":4},"end":{"line":148,"column":5}},"type":"if","locations":[{"start":{"line":144,"column":4},"end":{"line":148,"column":5}},{"start":{},"end":{}}],"line":144},"15":{"loc":{"start":{"line":149,"column":4},"end":{"line":153,"column":5}},"type":"if","locations":[{"start":{"line":149,"column":4},"end":{"line":153,"column":5}},{"start":{},"end":{}}],"line":149},"16":{"loc":{"start":{"line":154,"column":4},"end":{"line":158,"column":5}},"type":"if","locations":[{"start":{"line":154,"column":4},"end":{"line":158,"column":5}},{"start":{},"end":{}}],"line":154},"17":{"loc":{"start":{"line":160,"column":4},"end":{"line":162,"column":5}},"type":"if","locations":[{"start":{"line":160,"column":4},"end":{"line":162,"column":5}},{"start":{},"end":{}}],"line":160},"18":{"loc":{"start":{"line":171,"column":4},"end":{"line":173,"column":5}},"type":"if","locations":[{"start":{"line":171,"column":4},"end":{"line":173,"column":5}},{"start":{},"end":{}}],"line":171},"19":{"loc":{"start":{"line":190,"column":4},"end":{"line":192,"column":5}},"type":"if","locations":[{"start":{"line":190,"column":4},"end":{"line":192,"column":5}},{"start":{},"end":{}}],"line":190},"20":{"loc":{"start":{"line":210,"column":4},"end":{"line":212,"column":5}},"type":"if","locations":[{"start":{"line":210,"column":4},"end":{"line":212,"column":5}},{"start":{},"end":{}}],"line":210},"21":{"loc":{"start":{"line":214,"column":4},"end":{"line":216,"column":5}},"type":"if","locations":[{"start":{"line":214,"column":4},"end":{"line":216,"column":5}},{"start":{},"end":{}}],"line":214},"22":{"loc":{"start":{"line":214,"column":8},"end":{"line":214,"column":76}},"type":"binary-expr","locations":[{"start":{"line":214,"column":8},"end":{"line":214,"column":33}},{"start":{"line":214,"column":37},"end":{"line":214,"column":76}}],"line":214}},"s":{"0":1,"1":1,"2":0,"3":0,"4":0,"5":0,"6":0,"7":0,"8":0,"9":0,"10":0,"11":0,"12":0,"13":0,"14":0,"15":0,"16":0,"17":0,"18":0,"19":0,"20":0,"21":0,"22":0,"23":0,"24":0,"25":0,"26":0,"27":0,"28":0,"29":0,"30":0,"31":0,"32":0,"33":0,"34":1,"35":0,"36":0,"37":0,"38":0,"39":0,"40":0,"41":0,"42":0,"43":0,"44":0,"45":0,"46":0,"47":0,"48":0,"49":1,"50":0,"51":0,"52":0,"53":0,"54":0,"55":1,"56":0,"57":0,"58":0,"59":0,"60":0,"61":0,"62":0,"63":0,"64":0,"65":0,"66":0,"67":0,"68":0,"69":0,"70":0,"71":0,"72":0,"73":0,"74":0,"75":0,"76":0,"77":0,"78":0,"79":0,"80":0,"81":0,"82":0,"83":0,"84":0,"85":0,"86":0,"87":0,"88":0,"89":1,"90":0,"91":0,"92":0,"93":0,"94":0,"95":0,"96":0,"97":1,"98":0,"99":0,"100":0,"101":0,"102":0,"103":0,"104":0,"105":0,"106":0,"107":0,"108":0,"109":1},"f":{"0":0,"1":0,"2":0,"3":0,"4":0,"5":0,"6":0},"b":{"0":[0],"1":[0],"2":[0],"3":[0],"4":[0,0],"5":[0,0],"6":[0,0],"7":[0,0],"8":[0,0],"9":[0,0],"10":[0,0],"11":[0,0],"12":[0,0],"13":[0,0],"14":[0,0],"15":[0,0],"16":[0,0],"17":[0,0],"18":[0,0],"19":[0,0],"20":[0,0],"21":[0,0],"22":[0,0]},"_coverageSchema":"1a1c01bbd47fc00a2c39e90264f33305004495a9","hash":"33f9068f5956a49385ea192de2a0bfc3ef183279"}
,"D:\\ANSH GUPTA PROJECT\\store-ratings-app\\backend\\src\\middleware\\auth.js": {"path":"D:\\ANSH GUPTA PROJECT\\store-ratings-app\\backend\\src\\middleware\\auth.js","statementMap":{"0":{"start":{"line":1,"column":12},"end":{"line":1,"column":35}},"1":{"start":{"line":2,"column":13},"end":{"line":2,"column":42}},"2":{"start":{"line":4,"column":21},"end":{"line":34,"column":1}},"3":{"start":{"line":5,"column":2},"end":{"line":33,"column":3}},"4":{"start":{"line":6,"column":18},"end":{"line":6,"column":58}},"5":{"start":{"line":8,"column":4},"end":{"line":10,"column":5}},"6":{"start":{"line":9,"column":6},"end":{"line":9,"column":72}},"7":{"start":{"line":12,"column":20},"end":{"line":12,"column":61}},"8":{"start":{"line":14,"column":19},"end":{"line":17,"column":5}},"9":{"start":{"line":19,"column":4},"end":{"line":21,"column":5}},"10":{"start":{"line":20,"column":6},"end":{"line":20,"column":63}},"11":{"start":{"line":23,"column":4},"end":{"line":23,"column":30}},"12":{"start":{"line":24,"column":4},"end":{"line":24,"column":11}},"13":{"start":{"line":26,"column":4},"end":{"line":28,"column":5}},"14":{"start":{"line":27,"column":6},"end":{"line":27,"column":62}},"15":{"start":{"line":29,"column":4},"end":{"line":31,"column":5}},"16":{"start":{"line":30,"column":6},"end":{"line":30,"column":62}},"17":{"start":{"line":32,"column":4},"end":{"line":32,"column":61}},"18":{"start":{"line":36,"column":18},"end":{"line":48,"column":1}},"19":{"start":{"line":37,"column":2},"end":{"line":47,"column":4}},"20":{"start":{"line":38,"column":4},"end":{"line":40,"column":5}},"21":{"start":{"line":39,"column":6},"end":{"line":39,"column":72}},"22":{"start":{"line":42,"column":4},"end":{"line":44,"column":5}},"23":{"start":{"line":43,"column":6},"end":{"line":43,"column":62}},"24":{"start":{"line":46,"column":4},"end":{"line":46,"column":11}},"25":{"start":{"line":50,"column":0},"end":{"line":50,"column":45}}},"fnMap":{"0":{"name":"(anonymous_0)","decl":{"start":{"line":4,"column":21},"end":{"line":4,"column":22}},"loc":{"start":{"line":4,"column":47},"end":{"line":34,"column":1}},"line":4},"1":{"name":"(anonymous_1)","decl":{"start":{"line":36,"column":18},"end":{"line":36,"column":19}},"loc":{"start":{"line":36,"column":32},"end":{"line":48,"column":1}},"line":36},"2":{"name":"(anonymous_2)","decl":{"start":{"line":37,"column":9},"end":{"line":37,"column":10}},"loc":{"start":{"line":37,"column":29},"end":{"line":47,"column":3}},"line":37}},"branchMap":{"0":{"loc":{"start":{"line":8,"column":4},"end":{"line":10,"column":5}},"type":"if","locations":[{"start":{"line":8,"column":4},"end":{"line":10,"column":5}},{"start":{},"end":{}}],"line":8},"1":{"loc":{"start":{"line":19,"column":4},"end":{"line":21,"column":5}},"type":"if","locations":[{"start":{"line":19,"column":4},"end":{"line":21,"column":5}},{"start":{},"end":{}}],"line":19},"2":{"loc":{"start":{"line":26,"column":4},"end":{"line":28,"column":5}},"type":"if","locations":[{"start":{"line":26,"column":4},"end":{"line":28,"column":5}},{"start":{},"end":{}}],"line":26},"3":{"loc":{"start":{"line":29,"column":4},"end":{"line":31,"column":5}},"type":"if","locations":[{"start":{"line":29,"column":4},"end":{"line":31,"column":5}},{"start":{},"end":{}}],"line":29},"4":{"loc":{"start":{"line":38,"column":4},"end":{"line":40,"column":5}},"type":"if","locations":[{"start":{"line":38,"column":4},"end":{"line":40,"column":5}},{"start":{},"end":{}}],"line":38},"5":{"loc":{"start":{"line":42,"column":4},"end":{"line":44,"column":5}},"type":"if","locations":[{"start":{"line":42,"column":4},"end":{"line":44,"column":5}},{"start":{},"end":{}}],"line":42}},"s":{"0":1,"1":1,"2":1,"3":0,"4":0,"5":0,"6":0,"7":0,"8":0,"9":0,"10":0,"11":0,"12":0,"13":0,"14":0,"15":0,"16":0,"17":0,"18":1,"19":10,"20":0,"21":0,"22":0,"23":0,"24":0,"25":1},"f":{"0":0,"1":10,"2":0},"b":{"0":[0,0],"1":[0,0],"2":[0,0],"3":[0,0],"4":[0,0],"5":[0,0]},"_coverageSchema":"1a1c01bbd47fc00a2c39e90264f33305004495a9","hash":"a73bbde90d17d8b0bd979827a26620a014fb4fae"}
,"D:\\ANSH GUPTA PROJECT\\store-ratings-app\\backend\\src\\middleware\\errorHandler.js": {"path":"D:\\ANSH GUPTA PROJECT\\store-ratings-app\\backend\\src\\middleware\\errorHandler.js","statementMap":{"0":{"start":{"line":1,"column":29},"end":{"line":1,"column":57}},"1":{"start":{"line":3,"column":31},"end":{"line":15,"column":1}},"2":{"start":{"line":4,"column":17},"end":{"line":4,"column":38}},"3":{"start":{"line":5,"column":2},"end":{"line":13,"column":3}},"4":{"start":{"line":6,"column":4},"end":{"line":12,"column":7}},"5":{"start":{"line":8,"column":42},"end":{"line":11,"column":7}},"6":{"start":{"line":14,"column":2},"end":{"line":14,"column":9}},"7":{"start":{"line":17,"column":21},"end":{"line":31,"column":1}},"8":{"start":{"line":18,"column":2},"end":{"line":18,"column":31}},"9":{"start":{"line":20,"column":2},"end":{"line":22,"column":3}},"10":{"start":{"line":21,"column":4},"end":{"line":21,"column":70}},"11":{"start":{"line":24,"column":2},"end":{"line":26,"column":3}},"12":{"start":{"line":25,"column":4},"end":{"line":25,"column":76}},"13":{"start":{"line":28,"column":2},"end":{"line":30,"column":5}},"14":{"start":{"line":33,"column":0},"end":{"line":33,"column":58}}},"fnMap":{"0":{"name":"(anonymous_0)","decl":{"start":{"line":3,"column":31},"end":{"line":3,"column":32}},"loc":{"start":{"line":3,"column":51},"end":{"line":15,"column":1}},"line":3},"1":{"name":"(anonymous_1)","decl":{"start":{"line":8,"column":34},"end":{"line":8,"column":35}},"loc":{"start":{"line":8,"column":42},"end":{"line":11,"column":7}},"line":8},"2":{"name":"(anonymous_2)","decl":{"start":{"line":17,"column":21},"end":{"line":17,"column":22}},"loc":{"start":{"line":17,"column":46},"end":{"line":31,"column":1}},"line":17}},"branchMap":{"0":{"loc":{"start":{"line":5,"column":2},"end":{"line":13,"column":3}},"type":"if","locations":[{"start":{"line":5,"column":2},"end":{"line":13,"column":3}},{"start":{},"end":{}}],"line":5},"1":{"loc":{"start":{"line":20,"column":2},"end":{"line":22,"column":3}},"type":"if","locations":[{"start":{"line":20,"column":2},"end":{"line":22,"column":3}},{"start":{},"end":{}}],"line":20},"2":{"loc":{"start":{"line":24,"column":2},"end":{"line":26,"column":3}},"type":"if","locations":[{"start":{"line":24,"column":2},"end":{"line":26,"column":3}},{"start":{},"end":{}}],"line":24},"3":{"loc":{"start":{"line":28,"column":13},"end":{"line":28,"column":30}},"type":"binary-expr","locations":[{"start":{"line":28,"column":13},"end":{"line":28,"column":23}},{"start":{"line":28,"column":27},"end":{"line":28,"column":30}}],"line":28},"4":{"loc":{"start":{"line":29,"column":11},"end":{"line":29,"column":49}},"type":"binary-expr","locations":[{"start":{"line":29,"column":11},"end":{"line":29,"column":22}},{"start":{"line":29,"column":26},"end":{"line":29,"column":49}}],"line":29}},"s":{"0":1,"1":1,"2":5,"3":5,"4":2,"5":3,"6":3,"7":1,"8":0,"9":0,"10":0,"11":0,"12":0,"13":0,"14":1},"f":{"0":5,"1":3,"2":0},"b":{"0":[2,3],"1":[0,0],"2":[0,0],"3":[0,0],"4":[0,0]},"_coverageSchema":"1a1c01bbd47fc00a2c39e90264f33305004495a9","hash":"5b34cb44070055e339ce6fdf7369d5f87e52dfbe"}
,"D:\\ANSH GUPTA PROJECT\\store-ratings-app\\backend\\src\\routes\\admin.js": {"path":"D:\\ANSH GUPTA PROJECT\\store-ratings-app\\backend\\src\\routes\\admin.js","statementMap":{"0":{"start":{"line":1,"column":16},"end":{"line":1,"column":34}},"1":{"start":{"line":2,"column":15},"end":{"line":2,"column":31}},"2":{"start":{"line":3,"column":45},"end":{"line":3,"column":86}},"3":{"start":{"line":4,"column":36},"end":{"line":4,"column":65}},"4":{"start":{"line":6,"column":0},"end":{"line":6,"column":69}},"5":{"start":{"line":7,"column":0},"end":{"line":7,"column":65}},"6":{"start":{"line":8,"column":0},"end":{"line":8,"column":74}},"7":{"start":{"line":10,"column":0},"end":{"line":10,"column":24}}},"fnMap":{},"branchMap":{},"s":{"0":1,"1":1,"2":1,"3":1,"4":1,"5":1,"6":1,"7":1},"f":{},"b":{},"_coverageSchema":"1a1c01bbd47fc00a2c39e90264f33305004495a9","hash":"98436f22ddb4e1d97a67863b74baae13342adc18"}
,"D:\\ANSH GUPTA PROJECT\\store-ratings-app\\backend\\src\\routes\\auth.js": {"path":"D:\\ANSH GUPTA PROJECT\\store-ratings-app\\backend\\src\\routes\\auth.js","statementMap":{"0":{"start":{"line":1,"column":16},"end":{"line":1,"column":34}},"1":{"start":{"line":2,"column":15},"end":{"line":2,"column":31}},"2":{"start":{"line":3,"column":26},"end":{"line":3,"column":66}},"3":{"start":{"line":4,"column":19},"end":{"line":4,"column":49}},"4":{"start":{"line":5,"column":35},"end":{"line":5,"column":72}},"5":{"start":{"line":7,"column":0},"end":{"line":7,"column":74}},"6":{"start":{"line":8,"column":0},"end":{"line":8,"column":71}},"7":{"start":{"line":10,"column":0},"end":{"line":10,"column":24}}},"fnMap":{},"branchMap":{},"s":{"0":1,"1":1,"2":1,"3":1,"4":1,"5":1,"6":1,"7":1},"f":{},"b":{},"_coverageSchema":"1a1c01bbd47fc00a2c39e90264f33305004495a9","hash":"7d006e6624e303de3dab0d3bf746d98890a2fa14"}
,"D:\\ANSH GUPTA PROJECT\\store-ratings-app\\backend\\src\\routes\\ratings.js": {"path":"D:\\ANSH GUPTA PROJECT\\store-ratings-app\\backend\\src\\routes\\ratings.js","statementMap":{"0":{"start":{"line":1,"column":16},"end":{"line":1,"column":34}},"1":{"start":{"line":2,"column":15},"end":{"line":2,"column":31}},"2":{"start":{"line":3,"column":53},"end":{"line":3,"column":95}},"3":{"start":{"line":4,"column":36},"end":{"line":4,"column":65}},"4":{"start":{"line":5,"column":19},"end":{"line":5,"column":49}},"5":{"start":{"line":6,"column":35},"end":{"line":6,"column":72}},"6":{"start":{"line":8,"column":0},"end":{"line":8,"column":122}},"7":{"start":{"line":9,"column":0},"end":{"line":9,"column":124}},"8":{"start":{"line":10,"column":0},"end":{"line":10,"column":78}},"9":{"start":{"line":12,"column":0},"end":{"line":12,"column":24}}},"fnMap":{},"branchMap":{},"s":{"0":1,"1":1,"2":1,"3":1,"4":1,"5":1,"6":1,"7":1,"8":1,"9":1},"f":{},"b":{},"_coverageSchema":"1a1c01bbd47fc00a2c39e90264f33305004495a9","hash":"ddf44ac960410fb21085ac2843a8cc2bcab7ce2d"}
,"D:\\ANSH GUPTA PROJECT\\store-ratings-app\\backend\\src\\routes\\stores.js": {"path":"D:\\ANSH GUPTA PROJECT\\store-ratings-app\\backend\\src\\routes\\stores.js","statementMap":{"0":{"start":{"line":1,"column":16},"end":{"line":1,"column":34}},"1":{"start":{"line":2,"column":15},"end":{"line":2,"column":31}},"2":{"start":{"line":10,"column":4},"end":{"line":10,"column":45}},"3":{"start":{"line":11,"column":36},"end":{"line":11,"column":65}},"4":{"start":{"line":12,"column":19},"end":{"line":12,"column":49}},"5":{"start":{"line":13,"column":35},"end":{"line":13,"column":72}},"6":{"start":{"line":15,"column":0},"end":{"line":15,"column":74}},"7":{"start":{"line":16,"column":0},"end":{"line":16,"column":33}},"8":{"start":{"line":17,"column":0},"end":{"line":17,"column":112}},"9":{"start":{"line":18,"column":0},"end":{"line":18,"column":114}},"10":{"start":{"line":19,"column":0},"end":{"line":19,"column":69}},"11":{"start":{"line":20,"column":0},"end":{"line":20,"column":85}},"12":{"start":{"line":22,"column":0},"end":{"line":22,"column":24}}},"fnMap":{},"branchMap":{},"s":{"0":1,"1":1,"2":1,"3":1,"4":1,"5":1,"6":1,"7":1,"8":1,"9":1,"10":1,"11":1,"12":1},"f":{},"b":{},"_coverageSchema":"1a1c01bbd47fc00a2c39e90264f33305004495a9","hash":"0bba7cb235824ad96bf12e2dada4cd92a3752dad"}
,"D:\\ANSH GUPTA PROJECT\\store-ratings-app\\backend\\src\\utils\\validators.js": {"path":"D:\\ANSH GUPTA PROJECT\\store-ratings-app\\backend\\src\\utils\\validators.js","statementMap":{"0":{"start":{"line":1,"column":31},"end":{"line":1,"column":59}},"1":{"start":{"line":3,"column":19},"end":{"line":113,"column":1}},"2":{"start":{"line":115,"column":0},"end":{"line":115,"column":28}}},"fnMap":{},"branchMap":{},"s":{"0":1,"1":1,"2":1},"f":{},"b":{},"_coverageSchema":"1a1c01bbd47fc00a2c39e90264f33305004495a9","hash":"8c25cad372167dcbf83b38d8684a0671025805ab"}
}
